\BOOKMARK [1][-]{section*.4}{Contents}{}
\BOOKMARK [1][-]{section*.7}{Preface}{}
\BOOKMARK [1][-]{section*.9}{Acknowledgments}{}
\BOOKMARK [1][-]{section*.11}{List of Abbreviations}{}
\BOOKMARK [1][-]{section*.13}{Glossary}{}
\BOOKMARK [1][-]{section*.15}{Abstract}{}
\BOOKMARK [1][-]{section.1}{Introduction}{}
\BOOKMARK [1][-]{section.2}{Mechanical Design of Abby}{}
\BOOKMARK [2][-]{subsection.2.1}{Invacare Ranger Wheelchair Base}{section.2}
\BOOKMARK [2][-]{subsection.2.2}{Custom Frame Design}{section.2}
\BOOKMARK [2][-]{subsection.2.3}{ABB IRB-120 Robotic Arm}{section.2}
\BOOKMARK [1][-]{section.3}{Electronics and Sensor Packages}{}
\BOOKMARK [2][-]{subsection.3.1}{Power Systems }{section.3}
\BOOKMARK [2][-]{subsection.3.2}{Pneumatic System Control}{section.3}
\BOOKMARK [2][-]{subsection.3.3}{Drivetrain Control and Odometry}{section.3}
\BOOKMARK [2][-]{subsection.3.4}{Yaw Rate Sensor}{section.3}
\BOOKMARK [2][-]{subsection.3.5}{Microsoft Kinect}{section.3}
\BOOKMARK [2][-]{subsection.3.6}{Sick LMS-291}{section.3}
\BOOKMARK [2][-]{subsection.3.7}{End Effector-Mounted Camera}{section.3}
\BOOKMARK [2][-]{subsection.3.8}{Safety Systems}{section.3}
\BOOKMARK [3][-]{subsubsection.3.8.1}{Emergency Stop}{subsection.3.8}
\BOOKMARK [2][-]{subsection.3.9}{Computing}{section.3}
\BOOKMARK [3][-]{subsubsection.3.9.1}{PC}{subsection.3.9}
\BOOKMARK [3][-]{subsubsection.3.9.2}{National Instruments cRIO}{subsection.3.9}
\BOOKMARK [3][-]{subsubsection.3.9.3}{ABB IRC5}{subsection.3.9}
\BOOKMARK [1][-]{section.4}{Software}{}
\BOOKMARK [2][-]{subsection.4.1}{ROS}{section.4}
\BOOKMARK [3][-]{subsubsection.4.1.1}{ROS Topics}{subsection.4.1}
\BOOKMARK [3][-]{subsubsection.4.1.2}{ROS Services}{subsection.4.1}
\BOOKMARK [3][-]{subsubsection.4.1.3}{ROS Actions}{subsection.4.1}
\BOOKMARK [2][-]{subsection.4.2}{Hardware Drivers}{section.4}
\BOOKMARK [3][-]{subsubsection.4.2.1}{The Mobile Base}{subsection.4.2}
\BOOKMARK [3][-]{subsubsection.4.2.2}{ROS Industrial}{subsection.4.2}
\BOOKMARK [3][-]{subsubsection.4.2.3}{Gripper Driver}{subsection.4.2}
\BOOKMARK [2][-]{subsection.4.3}{Localization}{section.4}
\BOOKMARK [2][-]{subsection.4.4}{Path Planning}{section.4}
